#####################Intermediate results############################
Top ranking haplotypes
1 4 2 0 5 8 0.972232
3 8 0 2 5 1 0.971937
0 8 7 2 1 3 0.947696
7 4 5 8 0 1 0.93127
2 5 8 1 6 0 0.927844
0 8 4 6 7 1 0.912442
2 3 1 8 6 0 0.891971
6 8 3 0 5 1 0.891305
8 6 1 0 7 5 0.889418
2 1 3 0 6 5 0.884603
Top ranking loci
8 109.982
1 103.991
0 102.672
5 101.337
2 101.063
6 100.637
7 99.3792
4 92.9784
3 92.8748
9 77.3781
#####################Intermediate results############################
Top ranking haplotypes
0 1 5 0.609081
7 1 0 0.592723
1 4 0 0.559404
1 0 6 0.549865
2 0 1 0.545888
1 5 2 0.180535
5 7 2 0.159441
4 2 7 0.147694
2 7 0 0.144358
2 8 1 0.143393
Top ranking loci
1 66.6105
0 66.3887
7 63.6677
2 63.1507
8 63.097
5 62.8565
6 62.6661
4 62.4413
3 62.2569
9 59.8737
